<?xml version="1.0" encoding="UTF-8"?>
<testsuite xmlns:xsi="http://www.w3.org/2001/XMLSchema-instance" xsi:noNamespaceSchemaLocation="https://maven.apache.org/surefire/maven-surefire-plugin/xsd/surefire-test-report.xsd" name="basicjunit.ParameterizedTests" time="0.138" tests="17" errors="0" skipped="0" failures="0">
  <properties>
[...]
</properties>
  <testcase name="csvSource{String, int, int}[1]" classname="basicjunit.ParameterizedTests" time="0.037"/>
  <testcase name="csvSource{String, int, int}[2]" classname="basicjunit.ParameterizedTests" time="0.001"/>
  <testcase name="csvSource{String, int, int}[3]" classname="basicjunit.ParameterizedTests" time="0.001"/>
  <testcase name="enumTests{OwnerType}[1]" classname="basicjunit.ParameterizedTests" time="0.001"/>
  <testcase name="enumTests{OwnerType}[2]" classname="basicjunit.ParameterizedTests" time="0.001"/>
  <testcase name="csvFileSource{String, int, int}[1]" classname="basicjunit.ParameterizedTests" time="0.002"/>
  <testcase name="csvFileSource{String, int, int}[2]" classname="basicjunit.ParameterizedTests" time="0.001"/>
  <testcase name="csvFileSource{String, int, int}[3]" classname="basicjunit.ParameterizedTests" time="0.001"/>
  <testcase name="parameterizedTest{String}[1]" classname="basicjunit.ParameterizedTests" time="0.001"/>
  <testcase name="parameterizedTest{String}[2]" classname="basicjunit.ParameterizedTests" time="0.001"/>
  <testcase name="parameterizedTest{String}[3]" classname="basicjunit.ParameterizedTests" time="0"/>
  <testcase name="customArgsProvider{String, int, int}[1]" classname="basicjunit.ParameterizedTests" time="0.001"/>
  <testcase name="customArgsProvider{String, int, int}[2]" classname="basicjunit.ParameterizedTests" time="0.001"/>
  <testcase name="customArgsProvider{String, int, int}[3]" classname="basicjunit.ParameterizedTests" time="0.001"/>
  <testcase name="fromMethod{String, int, int}[1]" classname="basicjunit.ParameterizedTests" time="0.001"/>
  <testcase name="fromMethod{String, int, int}[2]" classname="basicjunit.ParameterizedTests" time="0.001"/>
  <testcase name="fromMethod{String, int, int}[3]" classname="basicjunit.ParameterizedTests" time="0.001"/>
</testsuite>